[debug] [2026-01-27T05:50:54.566Z] [Firebase Plugin] Activating Firebase extension.
[debug] [2026-01-27T05:50:58.322Z] [Firebase Plugin] requireAuthWrapper
[debug] [2026-01-27T05:50:58.326Z] > command requires scopes: ["email","openid","https://www.googleapis.com/auth/cloudplatformprojects.readonly","https://www.googleapis.com/auth/firebase","https://www.googleapis.com/auth/cloud-platform"]
[debug] [2026-01-27T05:50:58.327Z] > authorizing via signed-in user (sayakumar9@gmail.com)
[debug] [2026-01-27T05:50:58.337Z] Checked if tokens are valid: true, expires at: 1769494500143
[debug] [2026-01-27T05:50:58.339Z] Checked if tokens are valid: true, expires at: 1769494500143
[debug] [2026-01-27T05:50:58.339Z] [Firebase Plugin] User found:  sayakumar9@gmail.com
[info] [Firebase Plugin] (Core:Project) New user detected, fetching projects
[debug] [2026-01-27T05:50:58.344Z] Checked if tokens are valid: true, expires at: 1769494500143
[debug] [2026-01-27T05:50:58.349Z] >>> [apiv2][query] GET https://firebase.googleapis.com/v1beta1/projects pageSize=1000
[debug] [2026-01-27T05:50:58.382Z] [Firebase Plugin] VSCode notification server listening on port 40001
[info] [Firebase Plugin] Starting Data Connect toolkit (version 3.1.0) on port 50001
[debug] [2026-01-27T05:51:03.438Z] 'fdc build' failed with error: Unable to build your Data Connect schema and connectors (exit code 1): E0127 11:51:03.430163   13564 cmd.go:43] Error loading data connect config: could not find dataconnect.yaml in `f:\portfolia personal\dataconnect`
 {"metadata":{"emulator":{"name":"dataconnect"},"message":"'fdc build' failed with error: Unable to build your Data Connect schema and connectors (exit code 1): E0127 11:51:03.430163   13564 cmd.go:43] Error loading data connect config: could not find dataconnect.yaml in `f:\\portfolia personal\\dataconnect`\n"}}
[debug] [2026-01-27T05:51:03.439Z] Ignoring unsupported arg: auto_download {"metadata":{"emulator":{"name":"dataconnect"},"message":"Ignoring unsupported arg: auto_download"}}
[debug] [2026-01-27T05:51:03.440Z] Ignoring unsupported arg: port {"metadata":{"emulator":{"name":"dataconnect"},"message":"Ignoring unsupported arg: port"}}
[debug] [2026-01-27T05:51:03.440Z] Starting Data Connect Emulator with command {"binary":"C:\\Users\\sayak\\.cache\\firebase\\emulators\\dataconnect-emulator-3.1.0.exe","args":["--logtostderr","-v=2","dev","--listen=localhost:50001","--config_dir=f:\\portfolia personal\\dataconnect","--enable_output_schema_extensions=true","--enable_output_generated_sdk=true"],"optionalArgs":["listen","config_dir","enable_output_schema_extensions","enable_output_generated_sdk"],"joinArgs":true,"shell":false,"port":9399} {"metadata":{"emulator":{"name":"dataconnect"},"message":"Starting Data Connect Emulator with command {\"binary\":\"C:\\\\Users\\\\sayak\\\\.cache\\\\firebase\\\\emulators\\\\dataconnect-emulator-3.1.0.exe\",\"args\":[\"--logtostderr\",\"-v=2\",\"dev\",\"--listen=localhost:50001\",\"--config_dir=f:\\\\portfolia personal\\\\dataconnect\",\"--enable_output_schema_extensions=true\",\"--enable_output_generated_sdk=true\"],\"optionalArgs\":[\"listen\",\"config_dir\",\"enable_output_schema_extensions\",\"enable_output_generated_sdk\"],\"joinArgs\":true,\"shell\":false,\"port\":9399}"}}
[info] i  dataconnect: Data Connect Emulator logging to dataconnect-debug.log {"metadata":{"emulator":{"name":"dataconnect"},"message":"Data Connect Emulator logging to \u001b[1mdataconnect-debug.log\u001b[22m"}}
[debug] [2026-01-27T05:51:03.488Z] E0127 11:51:03.487866   12916 dev.go:83] Failed to load initial config from "f:\\portfolia personal\\dataconnect": could not find dataconnect.yaml in `f:\portfolia personal\dataconnect`
 {"metadata":{"emulator":{"name":"dataconnect"},"message":"E0127 11:51:03.487866   12916 dev.go:83] Failed to load initial config from \"f:\\\\portfolia personal\\\\dataconnect\": could not find dataconnect.yaml in `f:\\portfolia personal\\dataconnect`\n"}}
[debug] [2026-01-27T05:51:03.489Z] E0127 11:51:03.488410   12916 watch.go:116] watchAllDir unable to walk dir `f:\portfolia personal\dataconnect`: CreateFile f:\portfolia personal\dataconnect: The system cannot find the file specified.
 {"metadata":{"emulator":{"name":"dataconnect"},"message":"E0127 11:51:03.488410   12916 watch.go:116] watchAllDir unable to walk dir `f:\\portfolia personal\\dataconnect`: CreateFile f:\\portfolia personal\\dataconnect: The system cannot find the file specified.\n"}}
[debug] [2026-01-27T05:51:03.506Z] I0127 11:51:03.503893   12916 dev.go:104] Listening on address (HTTP + gRPC): 127.0.0.1:50001
 {"metadata":{"emulator":{"name":"dataconnect"},"message":"I0127 11:51:03.503893   12916 dev.go:104] Listening on address (HTTP + gRPC): 127.0.0.1:50001\n"}}
[error] [Firebase Plugin] error:  {}
[debug] [2026-01-27T05:51:05.045Z] <<< [apiv2][status] GET https://firebase.googleapis.com/v1beta1/projects 200
[debug] [2026-01-27T05:51:05.046Z] <<< [apiv2][body] GET https://firebase.googleapis.com/v1beta1/projects [omitted]
[debug] [2026-01-27T05:51:13.490Z] E0127 11:51:13.489303   12916 watch.go:40] Failed to load config from "f:\\portfolia personal\\dataconnect": could not find dataconnect.yaml in `f:\portfolia personal\dataconnect`
 {"metadata":{"emulator":{"name":"dataconnect"},"message":"E0127 11:51:13.489303   12916 watch.go:40] Failed to load config from \"f:\\\\portfolia personal\\\\dataconnect\": could not find dataconnect.yaml in `f:\\portfolia personal\\dataconnect`\n"}}
[debug] [2026-01-27T05:51:23.490Z] E0127 11:51:23.489505   12916 watch.go:40] Failed to load config from "f:\\portfolia personal\\dataconnect": could not find dataconnect.yaml in `f:\portfolia personal\dataconnect`
 {"metadata":{"emulator":{"name":"dataconnect"},"message":"E0127 11:51:23.489505   12916 watch.go:40] Failed to load config from \"f:\\\\portfolia personal\\\\dataconnect\": could not find dataconnect.yaml in `f:\\portfolia personal\\dataconnect`\n"}}
[debug] [2026-01-27T05:51:33.489Z] E0127 11:51:33.489094   12916 watch.go:40] Failed to load config from "f:\\portfolia personal\\dataconnect": could not find dataconnect.yaml in `f:\portfolia personal\dataconnect`
 {"metadata":{"emulator":{"name":"dataconnect"},"message":"E0127 11:51:33.489094   12916 watch.go:40] Failed to load config from \"f:\\\\portfolia personal\\\\dataconnect\": could not find dataconnect.yaml in `f:\\portfolia personal\\dataconnect`\n"}}
[debug] [2026-01-27T05:51:43.490Z] E0127 11:51:43.489815   12916 watch.go:40] Failed to load config from "f:\\portfolia personal\\dataconnect": could not find dataconnect.yaml in `f:\portfolia personal\dataconnect`
 {"metadata":{"emulator":{"name":"dataconnect"},"message":"E0127 11:51:43.489815   12916 watch.go:40] Failed to load config from \"f:\\\\portfolia personal\\\\dataconnect\": could not find dataconnect.yaml in `f:\\portfolia personal\\dataconnect`\n"}}
[debug] [2026-01-27T05:51:53.490Z] E0127 11:51:53.489734   12916 watch.go:40] Failed to load config from "f:\\portfolia personal\\dataconnect": could not find dataconnect.yaml in `f:\portfolia personal\dataconnect`
 {"metadata":{"emulator":{"name":"dataconnect"},"message":"E0127 11:51:53.489734   12916 watch.go:40] Failed to load config from \"f:\\\\portfolia personal\\\\dataconnect\": could not find dataconnect.yaml in `f:\\portfolia personal\\dataconnect`\n"}}
[debug] [2026-01-27T05:52:03.490Z] E0127 11:52:03.489704   12916 watch.go:116] watchAllDir unable to walk dir `f:\portfolia personal\dataconnect`: CreateFile f:\portfolia personal\dataconnect: The system cannot find the file specified.
E0127 11:52:03.489704   12916 watch.go:40] Failed to load config from "f:\\portfolia personal\\dataconnect": could not find dataconnect.yaml in `f:\portfolia personal\dataconnect`
 {"metadata":{"emulator":{"name":"dataconnect"},"message":"E0127 11:52:03.489704   12916 watch.go:116] watchAllDir unable to walk dir `f:\\portfolia personal\\dataconnect`: CreateFile f:\\portfolia personal\\dataconnect: The system cannot find the file specified.\nE0127 11:52:03.489704   12916 watch.go:40] Failed to load config from \"f:\\\\portfolia personal\\\\dataconnect\": could not find dataconnect.yaml in `f:\\portfolia personal\\dataconnect`\n"}}
[debug] [2026-01-27T05:52:13.490Z] E0127 11:52:13.489975   12916 watch.go:40] Failed to load config from "f:\\portfolia personal\\dataconnect": could not find dataconnect.yaml in `f:\portfolia personal\dataconnect`
 {"metadata":{"emulator":{"name":"dataconnect"},"message":"E0127 11:52:13.489975   12916 watch.go:40] Failed to load config from \"f:\\\\portfolia personal\\\\dataconnect\": could not find dataconnect.yaml in `f:\\portfolia personal\\dataconnect`\n"}}
[debug] [2026-01-27T05:52:23.490Z] E0127 11:52:23.489390   12916 watch.go:40] Failed to load config from "f:\\portfolia personal\\dataconnect": could not find dataconnect.yaml in `f:\portfolia personal\dataconnect`
 {"metadata":{"emulator":{"name":"dataconnect"},"message":"E0127 11:52:23.489390   12916 watch.go:40] Failed to load config from \"f:\\\\portfolia personal\\\\dataconnect\": could not find dataconnect.yaml in `f:\\portfolia personal\\dataconnect`\n"}}
[debug] [2026-01-27T05:52:33.490Z] E0127 11:52:33.489730   12916 watch.go:40] Failed to load config from "f:\\portfolia personal\\dataconnect": could not find dataconnect.yaml in `f:\portfolia personal\dataconnect`
 {"metadata":{"emulator":{"name":"dataconnect"},"message":"E0127 11:52:33.489730   12916 watch.go:40] Failed to load config from \"f:\\\\portfolia personal\\\\dataconnect\": could not find dataconnect.yaml in `f:\\portfolia personal\\dataconnect`\n"}}
[debug] [2026-01-27T05:52:43.489Z] E0127 11:52:43.489557   12916 watch.go:40] Failed to load config from "f:\\portfolia personal\\dataconnect": could not find dataconnect.yaml in `f:\portfolia personal\dataconnect`
 {"metadata":{"emulator":{"name":"dataconnect"},"message":"E0127 11:52:43.489557   12916 watch.go:40] Failed to load config from \"f:\\\\portfolia personal\\\\dataconnect\": could not find dataconnect.yaml in `f:\\portfolia personal\\dataconnect`\n"}}
[debug] [2026-01-27T05:52:53.489Z] E0127 11:52:53.489075   12916 watch.go:40] Failed to load config from "f:\\portfolia personal\\dataconnect": could not find dataconnect.yaml in `f:\portfolia personal\dataconnect`
 {"metadata":{"emulator":{"name":"dataconnect"},"message":"E0127 11:52:53.489075   12916 watch.go:40] Failed to load config from \"f:\\\\portfolia personal\\\\dataconnect\": could not find dataconnect.yaml in `f:\\portfolia personal\\dataconnect`\n"}}
[debug] [2026-01-27T05:53:03.490Z] E0127 11:53:03.489415   12916 watch.go:116] watchAllDir unable to walk dir `f:\portfolia personal\dataconnect`: CreateFile f:\portfolia personal\dataconnect: The system cannot find the file specified.
 {"metadata":{"emulator":{"name":"dataconnect"},"message":"E0127 11:53:03.489415   12916 watch.go:116] watchAllDir unable to walk dir `f:\\portfolia personal\\dataconnect`: CreateFile f:\\portfolia personal\\dataconnect: The system cannot find the file specified.\n"}}
[debug] [2026-01-27T05:53:03.491Z] E0127 11:53:03.490127   12916 watch.go:40] Failed to load config from "f:\\portfolia personal\\dataconnect": could not find dataconnect.yaml in `f:\portfolia personal\dataconnect`
 {"metadata":{"emulator":{"name":"dataconnect"},"message":"E0127 11:53:03.490127   12916 watch.go:40] Failed to load config from \"f:\\\\portfolia personal\\\\dataconnect\": could not find dataconnect.yaml in `f:\\portfolia personal\\dataconnect`\n"}}
[debug] [2026-01-27T05:53:13.491Z] E0127 11:53:13.490804   12916 watch.go:40] Failed to load config from "f:\\portfolia personal\\dataconnect": could not find dataconnect.yaml in `f:\portfolia personal\dataconnect`
 {"metadata":{"emulator":{"name":"dataconnect"},"message":"E0127 11:53:13.490804   12916 watch.go:40] Failed to load config from \"f:\\\\portfolia personal\\\\dataconnect\": could not find dataconnect.yaml in `f:\\portfolia personal\\dataconnect`\n"}}
[debug] [2026-01-27T05:53:23.489Z] E0127 11:53:23.489486   12916 watch.go:40] Failed to load config from "f:\\portfolia personal\\dataconnect": could not find dataconnect.yaml in `f:\portfolia personal\dataconnect`
 {"metadata":{"emulator":{"name":"dataconnect"},"message":"E0127 11:53:23.489486   12916 watch.go:40] Failed to load config from \"f:\\\\portfolia personal\\\\dataconnect\": could not find dataconnect.yaml in `f:\\portfolia personal\\dataconnect`\n"}}
[debug] [2026-01-27T05:53:33.490Z] E0127 11:53:33.490295   12916 watch.go:40] Failed to load config from "f:\\portfolia personal\\dataconnect": could not find dataconnect.yaml in `f:\portfolia personal\dataconnect`
 {"metadata":{"emulator":{"name":"dataconnect"},"message":"E0127 11:53:33.490295   12916 watch.go:40] Failed to load config from \"f:\\\\portfolia personal\\\\dataconnect\": could not find dataconnect.yaml in `f:\\portfolia personal\\dataconnect`\n"}}
[debug] [2026-01-27T05:53:43.489Z] E0127 11:53:43.489963   12916 watch.go:40] Failed to load config from "f:\\portfolia personal\\dataconnect": could not find dataconnect.yaml in `f:\portfolia personal\dataconnect`
 {"metadata":{"emulator":{"name":"dataconnect"},"message":"E0127 11:53:43.489963   12916 watch.go:40] Failed to load config from \"f:\\\\portfolia personal\\\\dataconnect\": could not find dataconnect.yaml in `f:\\portfolia personal\\dataconnect`\n"}}
[debug] [2026-01-27T05:53:53.489Z] E0127 11:53:53.490107   12916 watch.go:40] Failed to load config from "f:\\portfolia personal\\dataconnect": could not find dataconnect.yaml in `f:\portfolia personal\dataconnect`
 {"metadata":{"emulator":{"name":"dataconnect"},"message":"E0127 11:53:53.490107   12916 watch.go:40] Failed to load config from \"f:\\\\portfolia personal\\\\dataconnect\": could not find dataconnect.yaml in `f:\\portfolia personal\\dataconnect`\n"}}
[debug] [2026-01-27T05:54:03.489Z] E0127 11:54:03.489867   12916 watch.go:40] Failed to load config from "f:\\portfolia personal\\dataconnect": could not find dataconnect.yaml in `f:\portfolia personal\dataconnect`
 {"metadata":{"emulator":{"name":"dataconnect"},"message":"E0127 11:54:03.489867   12916 watch.go:40] Failed to load config from \"f:\\\\portfolia personal\\\\dataconnect\": could not find dataconnect.yaml in `f:\\portfolia personal\\dataconnect`\n"}}
[debug] [2026-01-27T05:54:03.491Z] E0127 11:54:03.489867   12916 watch.go:116] watchAllDir unable to walk dir `f:\portfolia personal\dataconnect`: CreateFile f:\portfolia personal\dataconnect: The system cannot find the file specified.
 {"metadata":{"emulator":{"name":"dataconnect"},"message":"E0127 11:54:03.489867   12916 watch.go:116] watchAllDir unable to walk dir `f:\\portfolia personal\\dataconnect`: CreateFile f:\\portfolia personal\\dataconnect: The system cannot find the file specified.\n"}}
[debug] [2026-01-27T05:54:13.489Z] E0127 11:54:13.490452   12916 watch.go:40] Failed to load config from "f:\\portfolia personal\\dataconnect": could not find dataconnect.yaml in `f:\portfolia personal\dataconnect`
 {"metadata":{"emulator":{"name":"dataconnect"},"message":"E0127 11:54:13.490452   12916 watch.go:40] Failed to load config from \"f:\\\\portfolia personal\\\\dataconnect\": could not find dataconnect.yaml in `f:\\portfolia personal\\dataconnect`\n"}}
[debug] [2026-01-27T05:54:23.489Z] E0127 11:54:23.489873   12916 watch.go:40] Failed to load config from "f:\\portfolia personal\\dataconnect": could not find dataconnect.yaml in `f:\portfolia personal\dataconnect`
 {"metadata":{"emulator":{"name":"dataconnect"},"message":"E0127 11:54:23.489873   12916 watch.go:40] Failed to load config from \"f:\\\\portfolia personal\\\\dataconnect\": could not find dataconnect.yaml in `f:\\portfolia personal\\dataconnect`\n"}}
[debug] [2026-01-27T05:54:33.489Z] E0127 11:54:33.489819   12916 watch.go:40] Failed to load config from "f:\\portfolia personal\\dataconnect": could not find dataconnect.yaml in `f:\portfolia personal\dataconnect`
 {"metadata":{"emulator":{"name":"dataconnect"},"message":"E0127 11:54:33.489819   12916 watch.go:40] Failed to load config from \"f:\\\\portfolia personal\\\\dataconnect\": could not find dataconnect.yaml in `f:\\portfolia personal\\dataconnect`\n"}}
[debug] [2026-01-27T05:54:43.490Z] E0127 11:54:43.489648   12916 watch.go:40] Failed to load config from "f:\\portfolia personal\\dataconnect": could not find dataconnect.yaml in `f:\portfolia personal\dataconnect`
 {"metadata":{"emulator":{"name":"dataconnect"},"message":"E0127 11:54:43.489648   12916 watch.go:40] Failed to load config from \"f:\\\\portfolia personal\\\\dataconnect\": could not find dataconnect.yaml in `f:\\portfolia personal\\dataconnect`\n"}}
[debug] [2026-01-27T05:54:53.490Z] E0127 11:54:53.489688   12916 watch.go:40] Failed to load config from "f:\\portfolia personal\\dataconnect": could not find dataconnect.yaml in `f:\portfolia personal\dataconnect`
 {"metadata":{"emulator":{"name":"dataconnect"},"message":"E0127 11:54:53.489688   12916 watch.go:40] Failed to load config from \"f:\\\\portfolia personal\\\\dataconnect\": could not find dataconnect.yaml in `f:\\portfolia personal\\dataconnect`\n"}}
[debug] [2026-01-27T05:55:03.489Z] E0127 11:55:03.489184   12916 watch.go:116] watchAllDir unable to walk dir `f:\portfolia personal\dataconnect`: CreateFile f:\portfolia personal\dataconnect: The system cannot find the file specified.
E0127 11:55:03.489184   12916 watch.go:40] Failed to load config from "f:\\portfolia personal\\dataconnect": could not find dataconnect.yaml in `f:\portfolia personal\dataconnect`
 {"metadata":{"emulator":{"name":"dataconnect"},"message":"E0127 11:55:03.489184   12916 watch.go:116] watchAllDir unable to walk dir `f:\\portfolia personal\\dataconnect`: CreateFile f:\\portfolia personal\\dataconnect: The system cannot find the file specified.\nE0127 11:55:03.489184   12916 watch.go:40] Failed to load config from \"f:\\\\portfolia personal\\\\dataconnect\": could not find dataconnect.yaml in `f:\\portfolia personal\\dataconnect`\n"}}
[debug] [2026-01-27T05:55:13.489Z] E0127 11:55:13.489678   12916 watch.go:40] Failed to load config from "f:\\portfolia personal\\dataconnect": could not find dataconnect.yaml in `f:\portfolia personal\dataconnect`
 {"metadata":{"emulator":{"name":"dataconnect"},"message":"E0127 11:55:13.489678   12916 watch.go:40] Failed to load config from \"f:\\\\portfolia personal\\\\dataconnect\": could not find dataconnect.yaml in `f:\\portfolia personal\\dataconnect`\n"}}
[debug] [2026-01-27T05:55:23.490Z] E0127 11:55:23.490760   12916 watch.go:40] Failed to load config from "f:\\portfolia personal\\dataconnect": could not find dataconnect.yaml in `f:\portfolia personal\dataconnect`
 {"metadata":{"emulator":{"name":"dataconnect"},"message":"E0127 11:55:23.490760   12916 watch.go:40] Failed to load config from \"f:\\\\portfolia personal\\\\dataconnect\": could not find dataconnect.yaml in `f:\\portfolia personal\\dataconnect`\n"}}
[debug] [2026-01-27T05:55:33.490Z] E0127 11:55:33.490244   12916 watch.go:40] Failed to load config from "f:\\portfolia personal\\dataconnect": could not find dataconnect.yaml in `f:\portfolia personal\dataconnect`
 {"metadata":{"emulator":{"name":"dataconnect"},"message":"E0127 11:55:33.490244   12916 watch.go:40] Failed to load config from \"f:\\\\portfolia personal\\\\dataconnect\": could not find dataconnect.yaml in `f:\\portfolia personal\\dataconnect`\n"}}
[debug] [2026-01-27T05:55:43.490Z] E0127 11:55:43.490126   12916 watch.go:40] Failed to load config from "f:\\portfolia personal\\dataconnect": could not find dataconnect.yaml in `f:\portfolia personal\dataconnect`
 {"metadata":{"emulator":{"name":"dataconnect"},"message":"E0127 11:55:43.490126   12916 watch.go:40] Failed to load config from \"f:\\\\portfolia personal\\\\dataconnect\": could not find dataconnect.yaml in `f:\\portfolia personal\\dataconnect`\n"}}
[debug] [2026-01-27T05:55:53.490Z] E0127 11:55:53.489751   12916 watch.go:40] Failed to load config from "f:\\portfolia personal\\dataconnect": could not find dataconnect.yaml in `f:\portfolia personal\dataconnect`
 {"metadata":{"emulator":{"name":"dataconnect"},"message":"E0127 11:55:53.489751   12916 watch.go:40] Failed to load config from \"f:\\\\portfolia personal\\\\dataconnect\": could not find dataconnect.yaml in `f:\\portfolia personal\\dataconnect`\n"}}
[debug] [2026-01-27T05:56:03.490Z] E0127 11:56:03.490113   12916 watch.go:116] watchAllDir unable to walk dir `f:\portfolia personal\dataconnect`: CreateFile f:\portfolia personal\dataconnect: The system cannot find the file specified.
 {"metadata":{"emulator":{"name":"dataconnect"},"message":"E0127 11:56:03.490113   12916 watch.go:116] watchAllDir unable to walk dir `f:\\portfolia personal\\dataconnect`: CreateFile f:\\portfolia personal\\dataconnect: The system cannot find the file specified.\n"}}
[debug] [2026-01-27T05:56:03.492Z] E0127 11:56:03.490774   12916 watch.go:40] Failed to load config from "f:\\portfolia personal\\dataconnect": could not find dataconnect.yaml in `f:\portfolia personal\dataconnect`
 {"metadata":{"emulator":{"name":"dataconnect"},"message":"E0127 11:56:03.490774   12916 watch.go:40] Failed to load config from \"f:\\\\portfolia personal\\\\dataconnect\": could not find dataconnect.yaml in `f:\\portfolia personal\\dataconnect`\n"}}
[debug] [2026-01-27T05:56:13.490Z] E0127 11:56:13.489974   12916 watch.go:40] Failed to load config from "f:\\portfolia personal\\dataconnect": could not find dataconnect.yaml in `f:\portfolia personal\dataconnect`
 {"metadata":{"emulator":{"name":"dataconnect"},"message":"E0127 11:56:13.489974   12916 watch.go:40] Failed to load config from \"f:\\\\portfolia personal\\\\dataconnect\": could not find dataconnect.yaml in `f:\\portfolia personal\\dataconnect`\n"}}
[debug] [2026-01-27T05:56:23.489Z] E0127 11:56:23.489679   12916 watch.go:40] Failed to load config from "f:\\portfolia personal\\dataconnect": could not find dataconnect.yaml in `f:\portfolia personal\dataconnect`
 {"metadata":{"emulator":{"name":"dataconnect"},"message":"E0127 11:56:23.489679   12916 watch.go:40] Failed to load config from \"f:\\\\portfolia personal\\\\dataconnect\": could not find dataconnect.yaml in `f:\\portfolia personal\\dataconnect`\n"}}
[debug] [2026-01-27T05:56:33.490Z] E0127 11:56:33.489746   12916 watch.go:40] Failed to load config from "f:\\portfolia personal\\dataconnect": could not find dataconnect.yaml in `f:\portfolia personal\dataconnect`
 {"metadata":{"emulator":{"name":"dataconnect"},"message":"E0127 11:56:33.489746   12916 watch.go:40] Failed to load config from \"f:\\\\portfolia personal\\\\dataconnect\": could not find dataconnect.yaml in `f:\\portfolia personal\\dataconnect`\n"}}
[debug] [2026-01-27T05:56:43.491Z] E0127 11:56:43.490442   12916 watch.go:40] Failed to load config from "f:\\portfolia personal\\dataconnect": could not find dataconnect.yaml in `f:\portfolia personal\dataconnect`
 {"metadata":{"emulator":{"name":"dataconnect"},"message":"E0127 11:56:43.490442   12916 watch.go:40] Failed to load config from \"f:\\\\portfolia personal\\\\dataconnect\": could not find dataconnect.yaml in `f:\\portfolia personal\\dataconnect`\n"}}
[debug] [2026-01-27T05:56:53.491Z] E0127 11:56:53.490483   12916 watch.go:40] Failed to load config from "f:\\portfolia personal\\dataconnect": could not find dataconnect.yaml in `f:\portfolia personal\dataconnect`
 {"metadata":{"emulator":{"name":"dataconnect"},"message":"E0127 11:56:53.490483   12916 watch.go:40] Failed to load config from \"f:\\\\portfolia personal\\\\dataconnect\": could not find dataconnect.yaml in `f:\\portfolia personal\\dataconnect`\n"}}
[debug] [2026-01-27T05:57:03.491Z] E0127 11:57:03.490210   12916 watch.go:116] watchAllDir unable to walk dir `f:\portfolia personal\dataconnect`: CreateFile f:\portfolia personal\dataconnect: The system cannot find the file specified.
E0127 11:57:03.490833   12916 watch.go:40] Failed to load config from "f:\\portfolia personal\\dataconnect": could not find dataconnect.yaml in `f:\portfolia personal\dataconnect`
 {"metadata":{"emulator":{"name":"dataconnect"},"message":"E0127 11:57:03.490210   12916 watch.go:116] watchAllDir unable to walk dir `f:\\portfolia personal\\dataconnect`: CreateFile f:\\portfolia personal\\dataconnect: The system cannot find the file specified.\nE0127 11:57:03.490833   12916 watch.go:40] Failed to load config from \"f:\\\\portfolia personal\\\\dataconnect\": could not find dataconnect.yaml in `f:\\portfolia personal\\dataconnect`\n"}}
[debug] [2026-01-27T05:57:13.491Z] E0127 11:57:13.490751   12916 watch.go:40] Failed to load config from "f:\\portfolia personal\\dataconnect": could not find dataconnect.yaml in `f:\portfolia personal\dataconnect`
 {"metadata":{"emulator":{"name":"dataconnect"},"message":"E0127 11:57:13.490751   12916 watch.go:40] Failed to load config from \"f:\\\\portfolia personal\\\\dataconnect\": could not find dataconnect.yaml in `f:\\portfolia personal\\dataconnect`\n"}}
[debug] [2026-01-27T05:57:23.490Z] E0127 11:57:23.490000   12916 watch.go:40] Failed to load config from "f:\\portfolia personal\\dataconnect": could not find dataconnect.yaml in `f:\portfolia personal\dataconnect`
 {"metadata":{"emulator":{"name":"dataconnect"},"message":"E0127 11:57:23.490000   12916 watch.go:40] Failed to load config from \"f:\\\\portfolia personal\\\\dataconnect\": could not find dataconnect.yaml in `f:\\portfolia personal\\dataconnect`\n"}}
[debug] [2026-01-27T05:57:33.492Z] E0127 11:57:33.491039   12916 watch.go:40] Failed to load config from "f:\\portfolia personal\\dataconnect": could not find dataconnect.yaml in `f:\portfolia personal\dataconnect`
 {"metadata":{"emulator":{"name":"dataconnect"},"message":"E0127 11:57:33.491039   12916 watch.go:40] Failed to load config from \"f:\\\\portfolia personal\\\\dataconnect\": could not find dataconnect.yaml in `f:\\portfolia personal\\dataconnect`\n"}}
[debug] [2026-01-27T05:57:43.490Z] E0127 11:57:43.490245   12916 watch.go:40] Failed to load config from "f:\\portfolia personal\\dataconnect": could not find dataconnect.yaml in `f:\portfolia personal\dataconnect`
 {"metadata":{"emulator":{"name":"dataconnect"},"message":"E0127 11:57:43.490245   12916 watch.go:40] Failed to load config from \"f:\\\\portfolia personal\\\\dataconnect\": could not find dataconnect.yaml in `f:\\portfolia personal\\dataconnect`\n"}}
[debug] [2026-01-27T05:57:53.490Z] E0127 11:57:53.490121   12916 watch.go:40] Failed to load config from "f:\\portfolia personal\\dataconnect": could not find dataconnect.yaml in `f:\portfolia personal\dataconnect`
 {"metadata":{"emulator":{"name":"dataconnect"},"message":"E0127 11:57:53.490121   12916 watch.go:40] Failed to load config from \"f:\\\\portfolia personal\\\\dataconnect\": could not find dataconnect.yaml in `f:\\portfolia personal\\dataconnect`\n"}}
[debug] [2026-01-27T05:58:03.489Z] E0127 11:58:03.489342   12916 watch.go:116] watchAllDir unable to walk dir `f:\portfolia personal\dataconnect`: CreateFile f:\portfolia personal\dataconnect: The system cannot find the file specified.
 {"metadata":{"emulator":{"name":"dataconnect"},"message":"E0127 11:58:03.489342   12916 watch.go:116] watchAllDir unable to walk dir `f:\\portfolia personal\\dataconnect`: CreateFile f:\\portfolia personal\\dataconnect: The system cannot find the file specified.\n"}}
[debug] [2026-01-27T05:58:03.490Z] E0127 11:58:03.489342   12916 watch.go:40] Failed to load config from "f:\\portfolia personal\\dataconnect": could not find dataconnect.yaml in `f:\portfolia personal\dataconnect`
 {"metadata":{"emulator":{"name":"dataconnect"},"message":"E0127 11:58:03.489342   12916 watch.go:40] Failed to load config from \"f:\\\\portfolia personal\\\\dataconnect\": could not find dataconnect.yaml in `f:\\portfolia personal\\dataconnect`\n"}}
[debug] [2026-01-27T05:58:13.490Z] E0127 11:58:13.490014   12916 watch.go:40] Failed to load config from "f:\\portfolia personal\\dataconnect": could not find dataconnect.yaml in `f:\portfolia personal\dataconnect`
 {"metadata":{"emulator":{"name":"dataconnect"},"message":"E0127 11:58:13.490014   12916 watch.go:40] Failed to load config from \"f:\\\\portfolia personal\\\\dataconnect\": could not find dataconnect.yaml in `f:\\portfolia personal\\dataconnect`\n"}}
[debug] [2026-01-27T05:58:23.490Z] E0127 11:58:23.490238   12916 watch.go:40] Failed to load config from "f:\\portfolia personal\\dataconnect": could not find dataconnect.yaml in `f:\portfolia personal\dataconnect`
 {"metadata":{"emulator":{"name":"dataconnect"},"message":"E0127 11:58:23.490238   12916 watch.go:40] Failed to load config from \"f:\\\\portfolia personal\\\\dataconnect\": could not find dataconnect.yaml in `f:\\portfolia personal\\dataconnect`\n"}}
[debug] [2026-01-27T05:58:33.490Z] E0127 11:58:33.490071   12916 watch.go:40] Failed to load config from "f:\\portfolia personal\\dataconnect": could not find dataconnect.yaml in `f:\portfolia personal\dataconnect`
 {"metadata":{"emulator":{"name":"dataconnect"},"message":"E0127 11:58:33.490071   12916 watch.go:40] Failed to load config from \"f:\\\\portfolia personal\\\\dataconnect\": could not find dataconnect.yaml in `f:\\portfolia personal\\dataconnect`\n"}}
[debug] [2026-01-27T05:58:43.491Z] E0127 11:58:43.489820   12916 watch.go:40] Failed to load config from "f:\\portfolia personal\\dataconnect": could not find dataconnect.yaml in `f:\portfolia personal\dataconnect`
 {"metadata":{"emulator":{"name":"dataconnect"},"message":"E0127 11:58:43.489820   12916 watch.go:40] Failed to load config from \"f:\\\\portfolia personal\\\\dataconnect\": could not find dataconnect.yaml in `f:\\portfolia personal\\dataconnect`\n"}}
[debug] [2026-01-27T05:58:53.490Z] E0127 11:58:53.490369   12916 watch.go:40] Failed to load config from "f:\\portfolia personal\\dataconnect": could not find dataconnect.yaml in `f:\portfolia personal\dataconnect`
 {"metadata":{"emulator":{"name":"dataconnect"},"message":"E0127 11:58:53.490369   12916 watch.go:40] Failed to load config from \"f:\\\\portfolia personal\\\\dataconnect\": could not find dataconnect.yaml in `f:\\portfolia personal\\dataconnect`\n"}}
[debug] [2026-01-27T05:59:03.490Z] E0127 11:59:03.490004   12916 watch.go:116] watchAllDir unable to walk dir `f:\portfolia personal\dataconnect`: CreateFile f:\portfolia personal\dataconnect: The system cannot find the file specified.
E0127 11:59:03.490619   12916 watch.go:40] Failed to load config from "f:\\portfolia personal\\dataconnect": could not find dataconnect.yaml in `f:\portfolia personal\dataconnect`
 {"metadata":{"emulator":{"name":"dataconnect"},"message":"E0127 11:59:03.490004   12916 watch.go:116] watchAllDir unable to walk dir `f:\\portfolia personal\\dataconnect`: CreateFile f:\\portfolia personal\\dataconnect: The system cannot find the file specified.\nE0127 11:59:03.490619   12916 watch.go:40] Failed to load config from \"f:\\\\portfolia personal\\\\dataconnect\": could not find dataconnect.yaml in `f:\\portfolia personal\\dataconnect`\n"}}
[debug] [2026-01-27T05:59:13.489Z] E0127 11:59:13.489654   12916 watch.go:40] Failed to load config from "f:\\portfolia personal\\dataconnect": could not find dataconnect.yaml in `f:\portfolia personal\dataconnect`
 {"metadata":{"emulator":{"name":"dataconnect"},"message":"E0127 11:59:13.489654   12916 watch.go:40] Failed to load config from \"f:\\\\portfolia personal\\\\dataconnect\": could not find dataconnect.yaml in `f:\\portfolia personal\\dataconnect`\n"}}
[debug] [2026-01-27T05:59:23.490Z] E0127 11:59:23.490245   12916 watch.go:40] Failed to load config from "f:\\portfolia personal\\dataconnect": could not find dataconnect.yaml in `f:\portfolia personal\dataconnect`
 {"metadata":{"emulator":{"name":"dataconnect"},"message":"E0127 11:59:23.490245   12916 watch.go:40] Failed to load config from \"f:\\\\portfolia personal\\\\dataconnect\": could not find dataconnect.yaml in `f:\\portfolia personal\\dataconnect`\n"}}
[debug] [2026-01-27T05:59:33.490Z] E0127 11:59:33.490099   12916 watch.go:40] Failed to load config from "f:\\portfolia personal\\dataconnect": could not find dataconnect.yaml in `f:\portfolia personal\dataconnect`
 {"metadata":{"emulator":{"name":"dataconnect"},"message":"E0127 11:59:33.490099   12916 watch.go:40] Failed to load config from \"f:\\\\portfolia personal\\\\dataconnect\": could not find dataconnect.yaml in `f:\\portfolia personal\\dataconnect`\n"}}
[debug] [2026-01-27T05:59:43.491Z] E0127 11:59:43.491203   12916 watch.go:40] Failed to load config from "f:\\portfolia personal\\dataconnect": could not find dataconnect.yaml in `f:\portfolia personal\dataconnect`
 {"metadata":{"emulator":{"name":"dataconnect"},"message":"E0127 11:59:43.491203   12916 watch.go:40] Failed to load config from \"f:\\\\portfolia personal\\\\dataconnect\": could not find dataconnect.yaml in `f:\\portfolia personal\\dataconnect`\n"}}
[debug] [2026-01-27T05:59:53.489Z] E0127 11:59:53.490010   12916 watch.go:40] Failed to load config from "f:\\portfolia personal\\dataconnect": could not find dataconnect.yaml in `f:\portfolia personal\dataconnect`
 {"metadata":{"emulator":{"name":"dataconnect"},"message":"E0127 11:59:53.490010   12916 watch.go:40] Failed to load config from \"f:\\\\portfolia personal\\\\dataconnect\": could not find dataconnect.yaml in `f:\\portfolia personal\\dataconnect`\n"}}
[debug] [2026-01-27T06:00:03.489Z] E0127 12:00:03.489457   12916 watch.go:116] watchAllDir unable to walk dir `f:\portfolia personal\dataconnect`: CreateFile f:\portfolia personal\dataconnect: The system cannot find the file specified.
E0127 12:00:03.490131   12916 watch.go:40] Failed to load config from "f:\\portfolia personal\\dataconnect": could not find dataconnect.yaml in `f:\portfolia personal\dataconnect`
 {"metadata":{"emulator":{"name":"dataconnect"},"message":"E0127 12:00:03.489457   12916 watch.go:116] watchAllDir unable to walk dir `f:\\portfolia personal\\dataconnect`: CreateFile f:\\portfolia personal\\dataconnect: The system cannot find the file specified.\nE0127 12:00:03.490131   12916 watch.go:40] Failed to load config from \"f:\\\\portfolia personal\\\\dataconnect\": could not find dataconnect.yaml in `f:\\portfolia personal\\dataconnect`\n"}}
[debug] [2026-01-27T06:00:13.489Z] E0127 12:00:13.489580   12916 watch.go:40] Failed to load config from "f:\\portfolia personal\\dataconnect": could not find dataconnect.yaml in `f:\portfolia personal\dataconnect`
 {"metadata":{"emulator":{"name":"dataconnect"},"message":"E0127 12:00:13.489580   12916 watch.go:40] Failed to load config from \"f:\\\\portfolia personal\\\\dataconnect\": could not find dataconnect.yaml in `f:\\portfolia personal\\dataconnect`\n"}}
[debug] [2026-01-27T06:00:23.488Z] E0127 12:00:23.489130   12916 watch.go:40] Failed to load config from "f:\\portfolia personal\\dataconnect": could not find dataconnect.yaml in `f:\portfolia personal\dataconnect`
 {"metadata":{"emulator":{"name":"dataconnect"},"message":"E0127 12:00:23.489130   12916 watch.go:40] Failed to load config from \"f:\\\\portfolia personal\\\\dataconnect\": could not find dataconnect.yaml in `f:\\portfolia personal\\dataconnect`\n"}}
[debug] [2026-01-27T06:00:33.489Z] E0127 12:00:33.490084   12916 watch.go:40] Failed to load config from "f:\\portfolia personal\\dataconnect": could not find dataconnect.yaml in `f:\portfolia personal\dataconnect`
 {"metadata":{"emulator":{"name":"dataconnect"},"message":"E0127 12:00:33.490084   12916 watch.go:40] Failed to load config from \"f:\\\\portfolia personal\\\\dataconnect\": could not find dataconnect.yaml in `f:\\portfolia personal\\dataconnect`\n"}}
[debug] [2026-01-27T06:00:43.490Z] E0127 12:00:43.489958   12916 watch.go:40] Failed to load config from "f:\\portfolia personal\\dataconnect": could not find dataconnect.yaml in `f:\portfolia personal\dataconnect`
 {"metadata":{"emulator":{"name":"dataconnect"},"message":"E0127 12:00:43.489958   12916 watch.go:40] Failed to load config from \"f:\\\\portfolia personal\\\\dataconnect\": could not find dataconnect.yaml in `f:\\portfolia personal\\dataconnect`\n"}}
[debug] [2026-01-27T06:00:53.490Z] E0127 12:00:53.490079   12916 watch.go:40] Failed to load config from "f:\\portfolia personal\\dataconnect": could not find dataconnect.yaml in `f:\portfolia personal\dataconnect`
 {"metadata":{"emulator":{"name":"dataconnect"},"message":"E0127 12:00:53.490079   12916 watch.go:40] Failed to load config from \"f:\\\\portfolia personal\\\\dataconnect\": could not find dataconnect.yaml in `f:\\portfolia personal\\dataconnect`\n"}}
[debug] [2026-01-27T06:01:03.490Z] E0127 12:01:03.489965   12916 watch.go:116] watchAllDir unable to walk dir `f:\portfolia personal\dataconnect`: CreateFile f:\portfolia personal\dataconnect: The system cannot find the file specified.
E0127 12:01:03.490485   12916 watch.go:40] Failed to load config from "f:\\portfolia personal\\dataconnect": could not find dataconnect.yaml in `f:\portfolia personal\dataconnect`
 {"metadata":{"emulator":{"name":"dataconnect"},"message":"E0127 12:01:03.489965   12916 watch.go:116] watchAllDir unable to walk dir `f:\\portfolia personal\\dataconnect`: CreateFile f:\\portfolia personal\\dataconnect: The system cannot find the file specified.\nE0127 12:01:03.490485   12916 watch.go:40] Failed to load config from \"f:\\\\portfolia personal\\\\dataconnect\": could not find dataconnect.yaml in `f:\\portfolia personal\\dataconnect`\n"}}
[debug] [2026-01-27T06:01:13.489Z] E0127 12:01:13.489450   12916 watch.go:40] Failed to load config from "f:\\portfolia personal\\dataconnect": could not find dataconnect.yaml in `f:\portfolia personal\dataconnect`
 {"metadata":{"emulator":{"name":"dataconnect"},"message":"E0127 12:01:13.489450   12916 watch.go:40] Failed to load config from \"f:\\\\portfolia personal\\\\dataconnect\": could not find dataconnect.yaml in `f:\\portfolia personal\\dataconnect`\n"}}
[debug] [2026-01-27T06:01:23.489Z] E0127 12:01:23.489454   12916 watch.go:40] Failed to load config from "f:\\portfolia personal\\dataconnect": could not find dataconnect.yaml in `f:\portfolia personal\dataconnect`
 {"metadata":{"emulator":{"name":"dataconnect"},"message":"E0127 12:01:23.489454   12916 watch.go:40] Failed to load config from \"f:\\\\portfolia personal\\\\dataconnect\": could not find dataconnect.yaml in `f:\\portfolia personal\\dataconnect`\n"}}
[debug] [2026-01-27T06:01:33.491Z] E0127 12:01:33.489792   12916 watch.go:40] Failed to load config from "f:\\portfolia personal\\dataconnect": could not find dataconnect.yaml in `f:\portfolia personal\dataconnect`
 {"metadata":{"emulator":{"name":"dataconnect"},"message":"E0127 12:01:33.489792   12916 watch.go:40] Failed to load config from \"f:\\\\portfolia personal\\\\dataconnect\": could not find dataconnect.yaml in `f:\\portfolia personal\\dataconnect`\n"}}
[debug] [2026-01-27T06:01:43.489Z] E0127 12:01:43.489358   12916 watch.go:40] Failed to load config from "f:\\portfolia personal\\dataconnect": could not find dataconnect.yaml in `f:\portfolia personal\dataconnect`
 {"metadata":{"emulator":{"name":"dataconnect"},"message":"E0127 12:01:43.489358   12916 watch.go:40] Failed to load config from \"f:\\\\portfolia personal\\\\dataconnect\": could not find dataconnect.yaml in `f:\\portfolia personal\\dataconnect`\n"}}
[debug] [2026-01-27T06:01:53.489Z] E0127 12:01:53.489414   12916 watch.go:40] Failed to load config from "f:\\portfolia personal\\dataconnect": could not find dataconnect.yaml in `f:\portfolia personal\dataconnect`
 {"metadata":{"emulator":{"name":"dataconnect"},"message":"E0127 12:01:53.489414   12916 watch.go:40] Failed to load config from \"f:\\\\portfolia personal\\\\dataconnect\": could not find dataconnect.yaml in `f:\\portfolia personal\\dataconnect`\n"}}
[debug] [2026-01-27T06:02:03.490Z] E0127 12:02:03.489681   12916 watch.go:116] watchAllDir unable to walk dir `f:\portfolia personal\dataconnect`: CreateFile f:\portfolia personal\dataconnect: The system cannot find the file specified.
 {"metadata":{"emulator":{"name":"dataconnect"},"message":"E0127 12:02:03.489681   12916 watch.go:116] watchAllDir unable to walk dir `f:\\portfolia personal\\dataconnect`: CreateFile f:\\portfolia personal\\dataconnect: The system cannot find the file specified.\n"}}
[debug] [2026-01-27T06:02:03.491Z] E0127 12:02:03.490231   12916 watch.go:40] Failed to load config from "f:\\portfolia personal\\dataconnect": could not find dataconnect.yaml in `f:\portfolia personal\dataconnect`
 {"metadata":{"emulator":{"name":"dataconnect"},"message":"E0127 12:02:03.490231   12916 watch.go:40] Failed to load config from \"f:\\\\portfolia personal\\\\dataconnect\": could not find dataconnect.yaml in `f:\\portfolia personal\\dataconnect`\n"}}
[debug] [2026-01-27T06:02:13.489Z] E0127 12:02:13.489703   12916 watch.go:40] Failed to load config from "f:\\portfolia personal\\dataconnect": could not find dataconnect.yaml in `f:\portfolia personal\dataconnect`
 {"metadata":{"emulator":{"name":"dataconnect"},"message":"E0127 12:02:13.489703   12916 watch.go:40] Failed to load config from \"f:\\\\portfolia personal\\\\dataconnect\": could not find dataconnect.yaml in `f:\\portfolia personal\\dataconnect`\n"}}
[debug] [2026-01-27T06:02:23.490Z] E0127 12:02:23.490298   12916 watch.go:40] Failed to load config from "f:\\portfolia personal\\dataconnect": could not find dataconnect.yaml in `f:\portfolia personal\dataconnect`
 {"metadata":{"emulator":{"name":"dataconnect"},"message":"E0127 12:02:23.490298   12916 watch.go:40] Failed to load config from \"f:\\\\portfolia personal\\\\dataconnect\": could not find dataconnect.yaml in `f:\\portfolia personal\\dataconnect`\n"}}
[debug] [2026-01-27T06:02:33.489Z] E0127 12:02:33.489410   12916 watch.go:40] Failed to load config from "f:\\portfolia personal\\dataconnect": could not find dataconnect.yaml in `f:\portfolia personal\dataconnect`
 {"metadata":{"emulator":{"name":"dataconnect"},"message":"E0127 12:02:33.489410   12916 watch.go:40] Failed to load config from \"f:\\\\portfolia personal\\\\dataconnect\": could not find dataconnect.yaml in `f:\\portfolia personal\\dataconnect`\n"}}
[debug] [2026-01-27T06:02:43.490Z] E0127 12:02:43.490083   12916 watch.go:40] Failed to load config from "f:\\portfolia personal\\dataconnect": could not find dataconnect.yaml in `f:\portfolia personal\dataconnect`
 {"metadata":{"emulator":{"name":"dataconnect"},"message":"E0127 12:02:43.490083   12916 watch.go:40] Failed to load config from \"f:\\\\portfolia personal\\\\dataconnect\": could not find dataconnect.yaml in `f:\\portfolia personal\\dataconnect`\n"}}
[debug] [2026-01-27T06:02:53.491Z] E0127 12:02:53.490158   12916 watch.go:40] Failed to load config from "f:\\portfolia personal\\dataconnect": could not find dataconnect.yaml in `f:\portfolia personal\dataconnect`
 {"metadata":{"emulator":{"name":"dataconnect"},"message":"E0127 12:02:53.490158   12916 watch.go:40] Failed to load config from \"f:\\\\portfolia personal\\\\dataconnect\": could not find dataconnect.yaml in `f:\\portfolia personal\\dataconnect`\n"}}
[info] [Firebase Plugin] Stopping Data Connect toolkit
[debug] [2026-01-27T07:01:23.612Z] [Firebase Plugin] Activating Firebase extension.
[debug] [2026-01-27T07:01:30.975Z] [Firebase Plugin] requireAuthWrapper
[debug] [2026-01-27T07:01:30.979Z] > command requires scopes: ["email","openid","https://www.googleapis.com/auth/cloudplatformprojects.readonly","https://www.googleapis.com/auth/firebase","https://www.googleapis.com/auth/cloud-platform"]
[debug] [2026-01-27T07:01:30.981Z] > authorizing via signed-in user (sayakumar9@gmail.com)
[debug] [2026-01-27T07:01:30.991Z] Checked if tokens are valid: false, expires at: 1769497329214
[debug] [2026-01-27T07:01:30.992Z] Checked if tokens are valid: false, expires at: 1769497329214
[debug] [2026-01-27T07:01:30.993Z] > refreshing access token with scopes: []
[debug] [2026-01-27T07:01:30.998Z] >>> [apiv2][query] POST https://www.googleapis.com/oauth2/v3/token [none]
[debug] [2026-01-27T07:01:30.999Z] >>> [apiv2][body] POST https://www.googleapis.com/oauth2/v3/token [omitted]
[debug] [2026-01-27T07:01:31.026Z] [Firebase Plugin] VSCode notification server listening on port 40001
[info] [Firebase Plugin] Starting Data Connect toolkit (version 3.1.0) on port 50001
[debug] [2026-01-27T07:01:32.200Z] 'fdc build' failed with error: Unable to build your Data Connect schema and connectors (exit code 1): E0127 13:01:32.191159    3752 cmd.go:43] Error loading data connect config: could not find dataconnect.yaml in `f:\portfolia personal\dataconnect`
 {"metadata":{"emulator":{"name":"dataconnect"},"message":"'fdc build' failed with error: Unable to build your Data Connect schema and connectors (exit code 1): E0127 13:01:32.191159    3752 cmd.go:43] Error loading data connect config: could not find dataconnect.yaml in `f:\\portfolia personal\\dataconnect`\n"}}
[debug] [2026-01-27T07:01:32.202Z] Ignoring unsupported arg: auto_download {"metadata":{"emulator":{"name":"dataconnect"},"message":"Ignoring unsupported arg: auto_download"}}
[debug] [2026-01-27T07:01:32.202Z] Ignoring unsupported arg: port {"metadata":{"emulator":{"name":"dataconnect"},"message":"Ignoring unsupported arg: port"}}
[debug] [2026-01-27T07:01:32.202Z] Starting Data Connect Emulator with command {"binary":"C:\\Users\\sayak\\.cache\\firebase\\emulators\\dataconnect-emulator-3.1.0.exe","args":["--logtostderr","-v=2","dev","--listen=localhost:50001","--config_dir=f:\\portfolia personal\\dataconnect","--enable_output_schema_extensions=true","--enable_output_generated_sdk=true"],"optionalArgs":["listen","config_dir","enable_output_schema_extensions","enable_output_generated_sdk"],"joinArgs":true,"shell":false,"port":9399} {"metadata":{"emulator":{"name":"dataconnect"},"message":"Starting Data Connect Emulator with command {\"binary\":\"C:\\\\Users\\\\sayak\\\\.cache\\\\firebase\\\\emulators\\\\dataconnect-emulator-3.1.0.exe\",\"args\":[\"--logtostderr\",\"-v=2\",\"dev\",\"--listen=localhost:50001\",\"--config_dir=f:\\\\portfolia personal\\\\dataconnect\",\"--enable_output_schema_extensions=true\",\"--enable_output_generated_sdk=true\"],\"optionalArgs\":[\"listen\",\"config_dir\",\"enable_output_schema_extensions\",\"enable_output_generated_sdk\"],\"joinArgs\":true,\"shell\":false,\"port\":9399}"}}
[info] i  dataconnect: Data Connect Emulator logging to dataconnect-debug.log {"metadata":{"emulator":{"name":"dataconnect"},"message":"Data Connect Emulator logging to \u001b[1mdataconnect-debug.log\u001b[22m"}}
[debug] [2026-01-27T07:01:32.267Z] E0127 13:01:32.263994    3244 dev.go:83] Failed to load initial config from "f:\\portfolia personal\\dataconnect": could not find dataconnect.yaml in `f:\portfolia personal\dataconnect`
 {"metadata":{"emulator":{"name":"dataconnect"},"message":"E0127 13:01:32.263994    3244 dev.go:83] Failed to load initial config from \"f:\\\\portfolia personal\\\\dataconnect\": could not find dataconnect.yaml in `f:\\portfolia personal\\dataconnect`\n"}}
[debug] [2026-01-27T07:01:32.270Z] E0127 13:01:32.267537    3244 watch.go:116] watchAllDir unable to walk dir `f:\portfolia personal\dataconnect`: CreateFile f:\portfolia personal\dataconnect: The system cannot find the file specified.
 {"metadata":{"emulator":{"name":"dataconnect"},"message":"E0127 13:01:32.267537    3244 watch.go:116] watchAllDir unable to walk dir `f:\\portfolia personal\\dataconnect`: CreateFile f:\\portfolia personal\\dataconnect: The system cannot find the file specified.\n"}}
[debug] [2026-01-27T07:01:32.279Z] <<< [apiv2][status] POST https://www.googleapis.com/oauth2/v3/token 200
[debug] [2026-01-27T07:01:32.279Z] <<< [apiv2][body] POST https://www.googleapis.com/oauth2/v3/token [omitted]
[debug] [2026-01-27T07:01:32.318Z] [Firebase Plugin] User found:  sayakumar9@gmail.com
[info] [Firebase Plugin] (Core:Project) New user detected, fetching projects
[debug] [2026-01-27T07:01:32.320Z] Checked if tokens are valid: true, expires at: 1769500891280
[debug] [2026-01-27T07:01:32.322Z] >>> [apiv2][query] GET https://firebase.googleapis.com/v1beta1/projects pageSize=1000
[debug] [2026-01-27T07:01:32.328Z] I0127 13:01:32.291429    3244 dev.go:104] Listening on address (HTTP + gRPC): 127.0.0.1:50001
 {"metadata":{"emulator":{"name":"dataconnect"},"message":"I0127 13:01:32.291429    3244 dev.go:104] Listening on address (HTTP + gRPC): 127.0.0.1:50001\n"}}
[error] [Firebase Plugin] error:  {}
[debug] [2026-01-27T07:01:32.977Z] <<< [apiv2][status] GET https://firebase.googleapis.com/v1beta1/projects 200
[debug] [2026-01-27T07:01:32.978Z] <<< [apiv2][body] GET https://firebase.googleapis.com/v1beta1/projects [omitted]
[info] [Firebase Plugin] Stopping Data Connect toolkit
[debug] [2026-01-27T07:02:25.215Z] [Firebase Plugin] Activating Firebase extension.
[debug] [2026-01-27T07:02:29.755Z] [Firebase Plugin] requireAuthWrapper
[debug] [2026-01-27T07:02:29.758Z] > command requires scopes: ["email","openid","https://www.googleapis.com/auth/cloudplatformprojects.readonly","https://www.googleapis.com/auth/firebase","https://www.googleapis.com/auth/cloud-platform"]
[debug] [2026-01-27T07:02:29.759Z] > authorizing via signed-in user (sayakumar9@gmail.com)
[debug] [2026-01-27T07:02:29.766Z] Checked if tokens are valid: true, expires at: 1769500891280
[debug] [2026-01-27T07:02:29.767Z] Checked if tokens are valid: true, expires at: 1769500891280
[debug] [2026-01-27T07:02:29.767Z] [Firebase Plugin] User found:  sayakumar9@gmail.com
[info] [Firebase Plugin] (Core:Project) New user detected, fetching projects
[debug] [2026-01-27T07:02:29.770Z] Checked if tokens are valid: true, expires at: 1769500891280
[debug] [2026-01-27T07:02:29.773Z] >>> [apiv2][query] GET https://firebase.googleapis.com/v1beta1/projects pageSize=1000
[debug] [2026-01-27T07:02:29.797Z] [Firebase Plugin] VSCode notification server listening on port 40001
[info] [Firebase Plugin] Starting Data Connect toolkit (version 3.1.0) on port 50001
[debug] [2026-01-27T07:02:32.302Z] 'fdc build' failed with error: Unable to build your Data Connect schema and connectors (exit code 1): E0127 13:02:32.288353    9644 cmd.go:43] Error loading data connect config: could not find dataconnect.yaml in `f:\portfolia personal\dataconnect`
 {"metadata":{"emulator":{"name":"dataconnect"},"message":"'fdc build' failed with error: Unable to build your Data Connect schema and connectors (exit code 1): E0127 13:02:32.288353    9644 cmd.go:43] Error loading data connect config: could not find dataconnect.yaml in `f:\\portfolia personal\\dataconnect`\n"}}
[debug] [2026-01-27T07:02:32.303Z] Ignoring unsupported arg: auto_download {"metadata":{"emulator":{"name":"dataconnect"},"message":"Ignoring unsupported arg: auto_download"}}
[debug] [2026-01-27T07:02:32.304Z] Ignoring unsupported arg: port {"metadata":{"emulator":{"name":"dataconnect"},"message":"Ignoring unsupported arg: port"}}
[debug] [2026-01-27T07:02:32.305Z] Starting Data Connect Emulator with command {"binary":"C:\\Users\\sayak\\.cache\\firebase\\emulators\\dataconnect-emulator-3.1.0.exe","args":["--logtostderr","-v=2","dev","--listen=localhost:50001","--config_dir=f:\\portfolia personal\\dataconnect","--enable_output_schema_extensions=true","--enable_output_generated_sdk=true"],"optionalArgs":["listen","config_dir","enable_output_schema_extensions","enable_output_generated_sdk"],"joinArgs":true,"shell":false,"port":9399} {"metadata":{"emulator":{"name":"dataconnect"},"message":"Starting Data Connect Emulator with command {\"binary\":\"C:\\\\Users\\\\sayak\\\\.cache\\\\firebase\\\\emulators\\\\dataconnect-emulator-3.1.0.exe\",\"args\":[\"--logtostderr\",\"-v=2\",\"dev\",\"--listen=localhost:50001\",\"--config_dir=f:\\\\portfolia personal\\\\dataconnect\",\"--enable_output_schema_extensions=true\",\"--enable_output_generated_sdk=true\"],\"optionalArgs\":[\"listen\",\"config_dir\",\"enable_output_schema_extensions\",\"enable_output_generated_sdk\"],\"joinArgs\":true,\"shell\":false,\"port\":9399}"}}
[info] i  dataconnect: Data Connect Emulator logging to dataconnect-debug.log {"metadata":{"emulator":{"name":"dataconnect"},"message":"Data Connect Emulator logging to \u001b[1mdataconnect-debug.log\u001b[22m"}}
[debug] [2026-01-27T07:02:32.407Z] E0127 13:02:32.398004    7456 dev.go:83] Failed to load initial config from "f:\\portfolia personal\\dataconnect": could not find dataconnect.yaml in `f:\portfolia personal\dataconnect`
E0127 13:02:32.401268    7456 watch.go:116] watchAllDir unable to walk dir `f:\portfolia personal\dataconnect`: CreateFile f:\portfolia personal\dataconnect: The system cannot find the file specified.
 {"metadata":{"emulator":{"name":"dataconnect"},"message":"E0127 13:02:32.398004    7456 dev.go:83] Failed to load initial config from \"f:\\\\portfolia personal\\\\dataconnect\": could not find dataconnect.yaml in `f:\\portfolia personal\\dataconnect`\nE0127 13:02:32.401268    7456 watch.go:116] watchAllDir unable to walk dir `f:\\portfolia personal\\dataconnect`: CreateFile f:\\portfolia personal\\dataconnect: The system cannot find the file specified.\n"}}
[debug] [2026-01-27T07:02:32.445Z] I0127 13:02:32.444991    7456 dev.go:104] Listening on address (HTTP + gRPC): 127.0.0.1:50001
 {"metadata":{"emulator":{"name":"dataconnect"},"message":"I0127 13:02:32.444991    7456 dev.go:104] Listening on address (HTTP + gRPC): 127.0.0.1:50001\n"}}
[error] [Firebase Plugin] error:  {}
[debug] [2026-01-27T07:02:32.793Z] <<< [apiv2][status] GET https://firebase.googleapis.com/v1beta1/projects 200
[debug] [2026-01-27T07:02:32.794Z] <<< [apiv2][body] GET https://firebase.googleapis.com/v1beta1/projects [omitted]
[info] [Firebase Plugin] Stopping Data Connect toolkit
[warn] !  Data Connect Emulator has exited upon receiving signal: SIGINT 
